<?xml version="1.0" encoding="UTF-8"?>
<testsuite xmlns:xsi="http://www.w3.org/2001/XMLSchema-instance" xsi:noNamespaceSchemaLocation="https://maven.apache.org/surefire/maven-surefire-plugin/xsd/surefire-test-report-3.0.xsd" version="3.0" name="com.thirdpart.YsMe7xF0.codec.CodecServiceImplTest" time="0.359" tests="2" errors="0" skipped="0" failures="0">
  <properties>
[...]
</properties>
  <testcase name="testAnalysisUp" classname="com.thirdpart.YsMe7xF0.codec.CodecServiceImplTest" time="0.266"/>
  <testcase name="testSpliceDown" classname="com.thirdpart.YsMe7xF0.codec.CodecServiceImplTest" time="0"/>
</testsuite>